<?xml version="1.0" encoding="UTF-8"?>
<!-- Generated by org.testng.reporters.JUnitXMLReporter -->
<testsuite hostname="swapnils-MacBook-Air.local" ignored="0" name="Command line test" tests="4" failures="0" timestamp="25 Jul 2021 16:48:58 GMT" time="20.797" errors="0">
  <testcase name="searchForAFlight" time="16.183" classname="com.assign.qa.testcases.SearchFlightsTest"/>
  <testcase name="selectNonStopFilter" time="1.797" classname="com.assign.qa.testcases.CountFlightsTest"/>
  <testcase name="Departure612AM" time="2.225" classname="com.assign.qa.testcases.CountFlightsTest"/>
  <testcase name="ViewPricesBtnClick" time="0.547" classname="com.assign.qa.testcases.CountFlightsTest"/>
</testsuite> <!-- Command line test -->
