<?xml version="1.0" encoding="UTF-8"?>
<testng-results skipped="0" failed="0" ignored="0" total="4" passed="4">
  <reporter-output>
  </reporter-output>
  <suite name="Command line suite" duration-ms="20797" started-at="2021-07-25T16:48:37Z" finished-at="2021-07-25T16:48:58Z">
    <groups>
    </groups>
    <test name="Command line test" duration-ms="20797" started-at="2021-07-25T16:48:37Z" finished-at="2021-07-25T16:48:58Z">
      <class name="com.assign.qa.testcases.SearchFlightsTest">
        <test-method status="PASS" signature="searchForAFlight()[pri:0, instance:com.assign.qa.testcases.SearchFlightsTest@6b143ee9]" name="searchForAFlight" duration-ms="16183" started-at="2021-07-25T16:48:37Z" finished-at="2021-07-25T16:48:53Z">
          <reporter-output>
          </reporter-output>
        </test-method> <!-- searchForAFlight -->
        <test-method status="PASS" signature="checkResult(org.testng.ITestResult)[pri:0, instance:com.assign.qa.testcases.SearchFlightsTest@6b143ee9]" name="checkResult" is-config="true" duration-ms="9" started-at="2021-07-25T16:48:53Z" finished-at="2021-07-25T16:48:53Z">
          <params>
            <param index="0">
              <value>
                <![CDATA[[TestResult name=searchForAFlight status=SUCCESS method=SearchFlightsTest.searchForAFlight()[pri:0, instance:com.assign.qa.testcases.SearchFlightsTest@6b143ee9] output={null}]]]>
              </value>
            </param>
          </params>
          <reporter-output>
          </reporter-output>
        </test-method> <!-- checkResult -->
      </class> <!-- com.assign.qa.testcases.SearchFlightsTest -->
      <class name="com.assign.qa.testcases.TestSetup">
        <test-method status="PASS" signature="setUp()[pri:0, instance:com.assign.qa.testcases.TestSetup@47f6473]" name="setUp" is-config="true" duration-ms="7596" started-at="2021-07-25T16:48:30Z" finished-at="2021-07-25T16:48:37Z">
          <reporter-output>
          </reporter-output>
        </test-method> <!-- setUp -->
        <test-method status="PASS" signature="tearDown()[pri:0, instance:com.assign.qa.testcases.TestSetup@47f6473]" name="tearDown" is-config="true" duration-ms="5773" started-at="2021-07-25T16:48:58Z" finished-at="2021-07-25T16:49:04Z">
          <reporter-output>
          </reporter-output>
        </test-method> <!-- tearDown -->
      </class> <!-- com.assign.qa.testcases.TestSetup -->
      <class name="com.assign.qa.testcases.CountFlightsTest">
        <test-method status="PASS" signature="initTest()[pri:0, instance:com.assign.qa.testcases.CountFlightsTest@15975490]" name="initTest" is-config="true" duration-ms="1" started-at="2021-07-25T16:48:53Z" finished-at="2021-07-25T16:48:53Z">
          <reporter-output>
          </reporter-output>
        </test-method> <!-- initTest -->
        <test-method status="PASS" signature="selectNonStopFilter()[pri:1, instance:com.assign.qa.testcases.CountFlightsTest@15975490]" name="selectNonStopFilter" duration-ms="1797" started-at="2021-07-25T16:48:53Z" finished-at="2021-07-25T16:48:55Z">
          <reporter-output>
          </reporter-output>
        </test-method> <!-- selectNonStopFilter -->
        <test-method status="PASS" signature="Departure612AM()[pri:2, instance:com.assign.qa.testcases.CountFlightsTest@15975490]" name="Departure612AM" duration-ms="2225" started-at="2021-07-25T16:48:55Z" finished-at="2021-07-25T16:48:58Z">
          <reporter-output>
          </reporter-output>
        </test-method> <!-- Departure612AM -->
        <test-method status="PASS" signature="ViewPricesBtnClick()[pri:3, instance:com.assign.qa.testcases.CountFlightsTest@15975490]" name="ViewPricesBtnClick" duration-ms="547" started-at="2021-07-25T16:48:58Z" finished-at="2021-07-25T16:48:58Z">
          <reporter-output>
          </reporter-output>
        </test-method> <!-- ViewPricesBtnClick -->
      </class> <!-- com.assign.qa.testcases.CountFlightsTest -->
    </test> <!-- Command line test -->
  </suite> <!-- Command line suite -->
</testng-results>
